<?xml version="1.0" encoding="UTF-8"?>
<!-- Generated by org.testng.reporters.JUnitReportReporter -->
<testsuite skipped="0" hostname="dustin-PC" name="DCTestFrameWork_Tests.MoviesContentTests" tests="1" failures="0" timestamp="13 Jan 2018 10:10:08 GMT" time="0.002" errors="0">
  <testcase name="f" time="0.002" classname="DCTestFrameWork_Tests.MoviesContentTests"/>
</testsuite> <!-- DCTestFrameWork_Tests.MoviesContentTests -->
