<?xml version="1.0" encoding="UTF-8"?>
<!-- Generated by org.testng.reporters.JUnitReportReporter -->
<testsuite skipped="0" hostname="dustin-PC" name="DCTestFrameWork_Tests.MoviesFilterTests" tests="5" failures="0" timestamp="13 Jan 2018 10:10:08 GMT" time="13.235" errors="0">
  <testcase name="FilterByAnimationTest" time="4.116" classname="DCTestFrameWork_Tests.MoviesFilterTests"/>
  <testcase name="FilterByLiveActionTest" time="2.605" classname="DCTestFrameWork_Tests.MoviesFilterTests"/>
  <testcase name="FilterByLiveActionWithPOMTest" time="2.509" classname="DCTestFrameWork_Tests.MoviesFilterTests"/>
  <testcase name="FilterTest" time="0.000" classname="DCTestFrameWork_Tests.MoviesFilterTests"/>
  <testcase name="FilterByLiveActionAndAnimationTest" time="4.005" classname="DCTestFrameWork_Tests.MoviesFilterTests"/>
</testsuite> <!-- DCTestFrameWork_Tests.MoviesFilterTests -->
