<?xml version="1.0" encoding="UTF-8"?>
<!-- Generated by org.testng.reporters.JUnitReportReporter -->
<testsuite skipped="0" hostname="dustin-PC" name="DCTestFrameWork_Tests.ComicsTests" tests="1" failures="0" timestamp="13 Jan 2018 10:03:40 GMT" time="0.000" errors="0">
  <testcase name="f" time="0.000" classname="DCTestFrameWork_Tests.ComicsTests"/>
</testsuite> <!-- DCTestFrameWork_Tests.ComicsTests -->
