<?xml version="1.0" encoding="UTF-8"?>
<!-- Generated by org.testng.reporters.JUnitReportReporter -->
<testsuite skipped="0" hostname="dustin-PC" name="DCTestFrameWork_Tests.RegressionTest" tests="1" failures="0" timestamp="09 Jan 2018 18:24:30 GMT" time="6.351" errors="0">
  <testcase name="f" time="6.351" classname="DCTestFrameWork_Tests.RegressionTest"/>
</testsuite> <!-- DCTestFrameWork_Tests.RegressionTest -->
