<?xml version="1.0" encoding="UTF-8"?>
<!-- Generated by org.testng.reporters.JUnitReportReporter -->
<testsuite skipped="0" hostname="dustin-PC" name="DCTestFrameWork_Tests.MoviesNavTest" tests="1" failures="0" timestamp="13 Jan 2018 10:37:47 GMT" time="0.001" errors="0">
  <testcase name="f" time="0.001" classname="DCTestFrameWork_Tests.MoviesNavTest"/>
</testsuite> <!-- DCTestFrameWork_Tests.MoviesNavTest -->
