<?xml version="1.0" encoding="UTF-8"?>
<!-- Generated by org.testng.reporters.JUnitReportReporter -->
<testsuite skipped="0" hostname="dustin-PC" name="DCTestFrameWork_Tests.MoviesFilterTest" tests="5" failures="0" timestamp="13 Jan 2018 10:47:17 GMT" time="13.227" errors="0">
  <testcase name="FilterByLiveActionWithPOMTest" time="2.395" classname="DCTestFrameWork_Tests.MoviesFilterTest"/>
  <testcase name="FilterByAnimationTest" time="3.946" classname="DCTestFrameWork_Tests.MoviesFilterTest"/>
  <testcase name="FilterByLiveActionAndAnimationTest" time="3.543" classname="DCTestFrameWork_Tests.MoviesFilterTest"/>
  <testcase name="FilterByLiveActionTest" time="3.342" classname="DCTestFrameWork_Tests.MoviesFilterTest"/>
  <testcase name="FilterTest" time="0.001" classname="DCTestFrameWork_Tests.MoviesFilterTest"/>
</testsuite> <!-- DCTestFrameWork_Tests.MoviesFilterTest -->
