<?xml version="1.0" encoding="UTF-8"?>
<!-- Generated by org.testng.reporters.JUnitReportReporter -->
<testsuite skipped="0" hostname="dustin-PC" name="DCTestFrameWork_Tests.NewTest" tests="1" failures="0" timestamp="09 Jan 2018 11:03:05 GMT" time="0.001" errors="0">
  <testcase name="f" time="0.001" classname="DCTestFrameWork_Tests.NewTest"/>
</testsuite> <!-- DCTestFrameWork_Tests.NewTest -->
