<?xml version="1.0" encoding="UTF-8"?>
<!-- Generated by org.testng.reporters.JUnitReportReporter -->
<testsuite skipped="0" hostname="dustin-PC" name="DCTestFrameWork_Tests.MoviesFilterTest" tests="5" failures="0" timestamp="13 Jan 2018 10:37:47 GMT" time="10.974" errors="0">
  <testcase name="FilterByLiveActionTest" time="2.076" classname="DCTestFrameWork_Tests.MoviesFilterTest"/>
  <testcase name="FilterByLiveActionAndAnimationTest" time="2.868" classname="DCTestFrameWork_Tests.MoviesFilterTest"/>
  <testcase name="FilterByAnimationTest" time="3.595" classname="DCTestFrameWork_Tests.MoviesFilterTest"/>
  <testcase name="FilterTest" time="0.000" classname="DCTestFrameWork_Tests.MoviesFilterTest"/>
  <testcase name="FilterByLiveActionWithPOMTest" time="2.435" classname="DCTestFrameWork_Tests.MoviesFilterTest"/>
</testsuite> <!-- DCTestFrameWork_Tests.MoviesFilterTest -->
